#! /usr/bin/vvp
:ivl_version "10.3 (stable)";
:ivl_delay_selection "TYPICAL";
:vpi_time_precision + 0;
:vpi_module "system";
:vpi_module "vhdl_sys";
:vpi_module "v2005_math";
:vpi_module "va_math";
S_0x564ba7eed100 .scope module, "counter" "counter" 2 1;
 .timescale 0 0;
    .port_info 0 /OUTPUT 4 "out"
    .port_info 1 /INPUT 4 "in"
    .port_info 2 /INPUT 1 "clk"
    .port_info 3 /INPUT 1 "clr"
    .port_info 4 /INPUT 1 "oe"
    .port_info 5 /INPUT 1 "jmp"
    .port_info 6 /INPUT 1 "inc"
o0x7f2538b29018 .functor BUFZ 1, C4<z>; HiZ drive
v0x564ba7eff0b0_0 .net "clk", 0 0, o0x7f2538b29018;  0 drivers
o0x7f2538b29048 .functor BUFZ 1, C4<z>; HiZ drive
v0x564ba7f31ce0_0 .net "clr", 0 0, o0x7f2538b29048;  0 drivers
o0x7f2538b29078 .functor BUFZ 4, C4<zzzz>; HiZ drive
v0x564ba7f31da0_0 .net "in", 0 3, o0x7f2538b29078;  0 drivers
o0x7f2538b290a8 .functor BUFZ 1, C4<z>; HiZ drive
v0x564ba7f31e60_0 .net "inc", 0 0, o0x7f2538b290a8;  0 drivers
o0x7f2538b290d8 .functor BUFZ 1, C4<z>; HiZ drive
v0x564ba7f31f20_0 .net "jmp", 0 0, o0x7f2538b290d8;  0 drivers
o0x7f2538b29108 .functor BUFZ 1, C4<z>; HiZ drive
v0x564ba7f32030_0 .net "oe", 0 0, o0x7f2538b29108;  0 drivers
v0x564ba7f320f0_0 .var "out", 0 3;
v0x564ba7f321d0_0 .var "store", 0 3;
E_0x564ba7eed860 .event posedge, v0x564ba7eff0b0_0;
    .scope S_0x564ba7eed100;
T_0 ;
    %wait E_0x564ba7eed860;
    %load/vec4 v0x564ba7f31ce0_0;
    %flag_set/vec4 8;
    %jmp/0xz  T_0.0, 8;
    %pushi/vec4 0, 0, 4;
    %assign/vec4 v0x564ba7f321d0_0, 0;
T_0.0 ;
    %load/vec4 v0x564ba7f31f20_0;
    %flag_set/vec4 8;
    %jmp/0xz  T_0.2, 8;
    %load/vec4 v0x564ba7f31da0_0;
    %assign/vec4 v0x564ba7f321d0_0, 0;
T_0.2 ;
    %load/vec4 v0x564ba7f31e60_0;
    %flag_set/vec4 8;
    %jmp/0xz  T_0.4, 8;
    %load/vec4 v0x564ba7f321d0_0;
    %addi 1, 0, 4;
    %assign/vec4 v0x564ba7f321d0_0, 0;
T_0.4 ;
    %jmp T_0;
    .thread T_0;
    .scope S_0x564ba7eed100;
T_1 ;
    %wait E_0x564ba7eed860;
    %load/vec4 v0x564ba7f32030_0;
    %flag_set/vec4 8;
    %jmp/0xz  T_1.0, 8;
    %load/vec4 v0x564ba7f321d0_0;
    %assign/vec4 v0x564ba7f320f0_0, 0;
T_1.0 ;
    %jmp T_1;
    .thread T_1;
# The file index is used to find the file name in the following table.
:file_names 3;
    "N/A";
    "<interactive>";
    "programcounter.v";
